Command line:
   UC_isim_beh.exe
     -simmode  gui
     -simrunnum  1
     -socket  1051

Mon Oct 02 19:15:23 2017


 Elaboration Time: 0.09375 sec

 Current Memory Usage: 324.116 Meg

 Total Signals          : 3
 Total Nets             : 14
 Total Signal Drivers   : 1
 Total Blocks           : 5
 Total Primitive Blocks : 5
 Total Processes        : 1
 Total Traceable Variables  : 15
 Total Scalar Nets and Variables : 515
Total Line Count : 13

 Total Simulation Time: 0.109375 sec

 Current Memory Usage: 324.116 Meg

Mon Oct 02 19:15:59 2017

