Command line:
   tb_sumador_isim_beh.exe
     -simmode  gui
     -simrunnum  0
     -socket  1042

Mon Oct 02 10:31:58 2017


 Elaboration Time: 0.109375 sec

 Current Memory Usage: 322.99 Meg

 Total Signals          : 6
 Total Nets             : 96
 Total Signal Drivers   : 3
 Total Blocks           : 4
 Total Primitive Blocks : 3
 Total Processes        : 2
 Total Traceable Variables  : 13
 Total Scalar Nets and Variables : 579
Total Line Count : 8

 Total Simulation Time: 1.1875 sec

 Current Memory Usage: 324.039 Meg

Mon Oct 02 14:22:14 2017

